<configuration>
  <registry foo="This has been set statically!">
    <bar>2536</bar>
  </registry>
</configuration>