<configuration>
  <dog species="Sausage dog">
    <name>Waldemar</name>
  </dog>
</configuration>