<xj:configuration
    xmlns:xj="http://xjconf.net/XJConf"
    xmlns:cl="http://xjconf.net/example/ClassLoader">
  <cl:nestedClass />
  <cl:otherClass />
</xj:configuration>