<configuration>
    <foo>Content will be ignored</foo>
</configuration>