<xj:configuration xmlns:xj="http://xjconf.net/XJConf">
  <color red="100" green="50" blue="20">My color</color>
</xj:configuration>